make all --print-data-base --no-builtin-variables --no-builtin-rules --question
make: *** No rule to make target 'all'.  Stop.

# GNU Make 4.2.1
# Built for x86_64-pc-linux-gnu
# Copyright (C) 1988-2016 Free Software Foundation, Inc.
# License GPLv3+: GNU GPL version 3 or later <http://gnu.org/licenses/gpl.html>
# This is free software: you are free to change and redistribute it.
# There is NO WARRANTY, to the extent permitted by law.

# Make data base, printed on Fri May  6 16:55:13 2022

# Variables

# automatic
<D = $(patsubst %/,%,$(dir $<))
# automatic
?F = $(notdir $?)
# environment
DESKTOP_SESSION = deepin
# default
.SHELLFLAGS := -c
# environment
XDG_SESSION_CLASS = user
# environment
XDG_SESSION_TYPE = x11
# environment
VSCODE_LOG_NATIVE = false
# automatic
?D = $(patsubst %/,%,$(dir $?))
# automatic
@D = $(patsubst %/,%,$(dir $@))
# environment
XAUTHORITY = /home/ganlei/.Xauthority
# environment
GDMSESSION = deepin
# environment
XMODIFIERS = @im=fcitx
# makefile
CURDIR := /home/ganlei/Desktop/prometheus
# makefile (from 'Makefile', line 25)
DOCKER_TAG := 5.7.7-amd64-desktop
# makefile
SHELL = /bin/sh
# makefile (from 'Makefile', line 19)
BUILD_DATE := 2022-05-06/16:55:13
# environment
VSCODE_NLS_CONFIG = {"locale":"zh-cn","availableLanguages":{"*":"zh-cn"},"_languagePackId":"a78078f10f99ab7adc9063c14c25e7ae.zh-cn","_translationsConfigFile":"/home/ganlei/.config/Code/clp/a78078f10f99ab7adc9063c14c25e7ae.zh-cn/tcf.json","_cacheRoot":"/home/ganlei/.config/Code/clp/a78078f10f99ab7adc9063c14c25e7ae.zh-cn","_resolvedLanguagePackCoreLocation":"/home/ganlei/.config/Code/clp/a78078f10f99ab7adc9063c14c25e7ae.zh-cn/57fd6d0195bb9b9d1b49f6da5db789060795de47","_corruptedFile":"/home/ganlei/.config/Code/clp/a78078f10f99ab7adc9063c14c25e7ae.zh-cn/corrupted.info","_languagePackSupport":true}
# environment
_ = /usr/share/code/code
# makefile (from 'Makefile', line 1)
MAKEFILE_LIST :=  Makefile
# automatic
@F = $(notdir $@)
# environment
GIO_LAUNCHED_DESKTOP_FILE = /usr/share/applications/code.desktop
# 'override' directive
GNUMAKEFLAGS := 
# environment
VSCODE_AMD_ENTRYPOINT = vs/workbench/api/node/extensionHostProcess
# environment
DBUS_SESSION_BUS_ADDRESS = unix:path=/run/user/1000/bus
# environment
VSCODE_VERBOSE_LOGGING = true
# environment
QT_LOGGING_RULES = *.debug=false
# makefile (from 'Makefile', line 13)
ETHERNET := eno1
# environment
CLUTTER_IM_MODULE = fcitx
# environment
VSCODE_IPC_HOOK_EXTHOST = /run/user/1000/vscode-ipc-41e5584d-9926-4a36-91a8-3d252928bad6.sock
# environment
VSCODE_CWD = /home/ganlei
# environment
GOPROXY = https://goproxy.cn,direct,gitlab.deepin.io
# environment
XDG_SESSION_PATH = /org/freedesktop/DisplayManager/Session0
# default
MAKE_HOST := x86_64-pc-linux-gnu
# environment
PATH = /usr/local/go/bin:/usr/local/bin:/usr/bin:/bin:/usr/local/games:/usr/games:/sbin:/usr/sbin
# environment
auto_proxy = https://it.uniontech.com/proxy/proxy.pac
# environment
GPG_AGENT_INFO = /run/user/1000/gnupg/S.gpg-agent:0:1
# environment
XDG_RUNTIME_DIR = /run/user/1000
# environment
GOPATH = /home/ganlei/workspace
# makefile (from 'Makefile', line 21)
BUILD_USER := localuser
# environment
VSCODE_LOG_STACK = false
# environment
ELECTRON_RUN_AS_NODE = 1
# makefile (from 'Makefile', line 30)
LDFLAGS := "-w -s -extldflags '-static' -X 'github.com/gotomicro/ego/core/eapp.appName=app' -X 'github.com/gotomicro/ego/core/eapp.buildAppVersion=3b2c2e1 first commit' -X 'github.com/gotomicro/ego/core/eapp.buildStatus=Modified' -X 'github.com/gotomicro/ego/core/eapp.buildUser=localuser' -X 'github.com/gotomicro/ego/core/eapp.buildHost=10.20.43.36' -X 'github.com/gotomicro/ego/core/eapp.buildTime=2022-05-06/16:55:13'"
# makefile (from 'Makefile', line 11)
COMMIT_ID := 3b2c2e1 first commit
# default
.FEATURES := target-specific order-only second-expansion else-if shortest-stem undefine oneshell archives jobserver output-sync check-symlink load
# environment
XDG_GREETER_DATA_DIR = /var/lib/lightdm/data/ganlei
# environment
LS_COLORS = 
# environment
XDG_SESSION_DESKTOP = deepin
# environment
SSH_AUTH_SOCK = /run/user/1000/keyring/ssh
# environment
GIO_LAUNCHED_DESKTOP_FILE_PID = 29370
# automatic
%F = $(notdir $%)
# environment
DISPLAY = :0
# makefile (from 'Makefile', line 3)
IMAGE := golang:1.18-buster
# makefile (from 'Makefile', line 27)
DOCKER_BUILDKIT := DOCKER_BUILDKIT=1
# environment
GTK_IM_MODULE = fcitx
# environment
VSCODE_PIPE_LOGGING = true
# environment
PWD = /home/ganlei/Desktop/prometheus
# default
.LOADED := 
# environment
XDG_SEAT = seat0
# environment
ORIGINAL_XDG_CURRENT_DESKTOP = Deepin
# environment
GOMODCACHE = /home/ganlei/workspace/pkg/mod
# environment
HOME = /home/ganlei
# environment
XDG_CACHE_HOME = /home/ganlei/.cache
# makefile (from 'Makefile', line 17)
BUILD_HOST := 10.20.43.36
# environment
VSCODE_CODE_CACHE_PATH = /home/ganlei/.config/Code/CachedData/57fd6d0195bb9b9d1b49f6da5db789060795de47
# environment
LOGNAME = ganlei
# environment
QT_LINUX_ACCESSIBILITY_ALWAYS_ON = 1
# environment
APPLICATION_INSIGHTS_NO_DIAGNOSTIC_CHANNEL = 1
# environment
VSCODE_HANDLES_UNCAUGHT_ERRORS = true
# default
MAKE_VERSION := 4.2.1
# environment
GNOME_DESKTOP_SESSION_ID = this-is-deprecated
# automatic
^D = $(patsubst %/,%,$(dir $^))
# environment
XDG_VTNR = 1
# environment
MAKELEVEL := 0
# default
MAKE = $(MAKE_COMMAND)
# default
MAKECMDGOALS := all
# environment
QT_IM_MODULE = fcitx
# environment
SHLVL = 0
# environment
QT_QPA_PLATFORM = xcb
# environment
SDL_IM_MODULE = fcitx
# environment
XDG_SESSION_ID = 2
# environment
USER = ganlei
# makefile
.DEFAULT_GOAL := build
# environment
XDG_CURRENT_DESKTOP = Deepin
# environment
GOROOT = /usr/local/go
# automatic
%D = $(patsubst %/,%,$(dir $%))
# default
MAKE_COMMAND := make
# default
.VARIABLES := 
# environment
INPUT_METHOD = fcitx
# automatic
*F = $(notdir $*)
# environment
LANGUAGE = zh_CN
# environment
XDG_SEAT_PATH = /org/freedesktop/DisplayManager/Seat0
# environment
VSCODE_IPC_HOOK = /run/user/1000/vscode-e8858236-1.67.0-main.sock
# makefile (from 'Makefile', line 15)
ARCH := 5.7.7-amd64-desktop
# makefile
MAKEFLAGS = pqrR
# environment
MFLAGS = -pqrR
# automatic
*D = $(patsubst %/,%,$(dir $*))
# automatic
+D = $(patsubst %/,%,$(dir $+))
# environment
GDK_BACKEND = x11
# automatic
+F = $(notdir $+)
# environment
NO_AT_BRIDGE = 1
# environment
QT_DBL_CLICK_DIST = 15
# makefile (from 'Makefile', line 7)
APP_NAME := app
# environment
QT_ACCESSIBILITY = 1
# 'override' directive
.SHELLSTATUS := 0
# default
MAKEFILES := 
# automatic
<F = $(notdir $<)
# environment
GOPRIVATE = pkg.deepin.com
# makefile (from 'Makefile', line 9)
PROJECT_NAME := prometheus
# environment
XDG_CONFIG_HOME = /home/ganlei/.config
# environment
LC_ALL = C
# automatic
^F = $(notdir $^)
# environment
XDG_DATA_HOME = /home/ganlei/.local/share
# makefile (from 'Makefile', line 23)
DOCKER_BASE := local/app
# default
SUFFIXES := 
# environment
CHROME_DESKTOP = code-url-handler.desktop
# default
.INCLUDE_DIRS = /usr/include /usr/local/include /usr/include
# default
.RECIPEPREFIX := 
# environment
LANG = C
# environment
VSCODE_PID = 459
# makefile (from 'Makefile', line 5)
MAIN_PATH := /home/ganlei/Desktop/prometheus
# variable set hash-table stats:
# Load=120/1024=12%, Rehash=0, Collisions=12/188=6%

# Pattern-specific Variable Values

# No pattern-specific variable values.

# Directories

# . (device 66311, inode 3342823): 20 files, no impossibilities.

# 20 files, no impossibilities in 1 directories.

# Implicit Rules

# No implicit rules.

# Files

# Not a target:
all:
#  Command line target.
#  Implicit rule search has been done.
#  File does not exist.
#  File has not been updated.

.PHONY: run build docker docker-release
#  Implicit rule search has not been done.
#  Modification time never checked.
#  File has not been updated.
 

# Not a target:
Makefile:
#  Implicit rule search has been done.
#  Last modified 2022-04-18 15:15:44
#  File has been updated.
#  Successfully updated.

build:
#  Phony target (prerequisite of .PHONY).
#  Implicit rule search has not been done.
#  File does not exist.
#  File has not been updated.
#  recipe to execute (from 'Makefile', line 33):
	go build -mod vendor -ldflags ${LDFLAGS} -o $(PROJECT_NAME) main.go

docker-release:
#  Phony target (prerequisite of .PHONY).
#  Implicit rule search has not been done.
#  File does not exist.
#  File has not been updated.

# Not a target:
.DEFAULT:
#  Implicit rule search has not been done.
#  Modification time never checked.
#  File has not been updated.

run:
#  Phony target (prerequisite of .PHONY).
#  Implicit rule search has not been done.
#  File does not exist.
#  File has not been updated.

docker:
#  Phony target (prerequisite of .PHONY).
#  Implicit rule search has not been done.
#  File does not exist.
#  File has not been updated.
#  recipe to execute (from 'Makefile', line 36):
	$(DOCKER_BUILDKIT) docker build \
	--no-cache \
	--build-arg IMAGE=$(IMAGE) \
	--build-arg APP_NAME=$(APP_NAME) \
	--build-arg PROJECT_NAME=$(PROJECT_NAME) \
	-t $(DOCKER_BASE):$(DOCKER_TAG) \
	-f Dockerfile . || exit 1

# files hash-table stats:
# Load=9/1024=1%, Rehash=0, Collisions=0/25=0%
# VPATH Search Paths

# No 'vpath' search paths.

# No general ('VPATH' variable) search path.

# strcache buffers: 1 (0) / strings = 30 / storage = 243 B / avg = 8 B
# current buf: size = 8162 B / used = 243 B / count = 30 / avg = 8 B

# strcache performance: lookups = 39 / hit rate = 23%
# hash-table stats:
# Load=30/8192=0%, Rehash=0, Collisions=1/39=3%
# Finished Make data base on Fri May  6 16:55:13 2022

 
